Using pre-set license
Built from '2020.2/staging' branch; Version is '2020.2.6f1 (8a2143876886) revision 9052483'; Using compiler version '192528614'; Build Type 'Release'
OS: 'Windows 10 Home; OS build 19042.804; Version 2009; 64bit' Language: 'pl' Physical Memory: 6082 MB
BatchMode: 1, IsHumanControllingUs: 0, StartBugReporterOnCrash: 0, Is64bit: 1, IsPro: 0

 COMMAND LINE ARGUMENTS:
D:\Unity\Unity\2020.2.6f1\Editor\Unity.exe
-adb2
-batchMode
-noUpm
-name
AssetImportWorker0
-projectPath
C:/Users/Prosiaczek/Desktop/Nowy folder/Tower/Giera
-logFile
Logs/AssetImportWorker0.log
-srvPort
59840
Successfully changed project path to: C:/Users/Prosiaczek/Desktop/Nowy folder/Tower/Giera
C:/Users/Prosiaczek/Desktop/Nowy folder/Tower/Giera
Using Asset Import Pipeline V2.
Refreshing native plugins compatible for Editor in 44.81 ms, found 0 plugins.
Preloading 0 native plugins for Editor in 0.00 ms.
Initialize engine version: 2020.2.6f1 (8a2143876886)
[Subsystems] Discovering subsystems at path D:/Unity/Unity/2020.2.6f1/Editor/Data/Resources/UnitySubsystems
[Subsystems] Discovering subsystems at path C:/Users/Prosiaczek/Desktop/Nowy folder/Tower/Giera/Assets
GfxDevice: creating device client; threaded=0
Direct3D:
    Version:  Direct3D 11.0 [level 11.1]
    Renderer: AMD Radeon(TM) Vega 8 Graphics (ID=0x15d8)
    Vendor:   
    VRAM:     3041 MB
    Driver:   25.20.14118.3002
Initialize mono
Mono path[0] = 'D:/Unity/Unity/2020.2.6f1/Editor/Data/Managed'
Mono path[1] = 'D:/Unity/Unity/2020.2.6f1/Editor/Data/MonoBleedingEdge/lib/mono/unityjit'
Mono config path = 'D:/Unity/Unity/2020.2.6f1/Editor/Data/MonoBleedingEdge/etc'
Using monoOptions --debugger-agent=transport=dt_socket,embedding=1,server=y,suspend=n,address=127.0.0.1:56072
Begin MonoManager ReloadAssembly
Registering precompiled unity dll's ...
Register platform support module: D:/Unity/Unity/2020.2.6f1/Editor/Data/PlaybackEngines/WindowsStandaloneSupport/UnityEditor.WindowsStandalone.Extensions.dll
Registered in 0.004231 seconds.
Native extension for WindowsStandalone target not found
Refreshing native plugins compatible for Editor in 36.03 ms, found 0 plugins.
Preloading 0 native plugins for Editor in 0.00 ms.
Invoked RoslynAnalysisRunner static constructor.
RoslynAnalysisRunner will not be running.
RoslynAnalysisRunner has terminated.
Mono: successfully reloaded assembly
- Completed reload, in  2.175 seconds
Platform modules already initialized, skipping
Registering precompiled user dll's ...
Registered in 0.003644 seconds.
Begin MonoManager ReloadAssembly
Native extension for WindowsStandalone target not found
Refreshing native plugins compatible for Editor in 0.91 ms, found 0 plugins.
Preloading 0 native plugins for Editor in 0.00 ms.
Invoked RoslynAnalysisRunner static constructor.
RoslynAnalysisRunner will not be running.
RoslynAnalysisRunner has terminated.
Mono: successfully reloaded assembly
- Completed reload, in  1.378 seconds
Platform modules already initialized, skipping
========================================================================
Worker process is ready to serve import requests
Launched and connected shader compiler UnityShaderCompiler.exe after 0.10 seconds
Refreshing native plugins compatible for Editor in 0.30 ms, found 0 plugins.
Preloading 0 native plugins for Editor in 0.00 ms.
Unloading 1104 Unused Serialized files (Serialized files now loaded: 0)
System memory in use before: 56.7 MB.
System memory in use after: 56.7 MB.

Unloading 10 unused Assets to reduce memory usage. Loaded Objects now: 1545.
Total: 2.665300 ms (FindLiveObjects: 0.258200 ms CreateObjectMapping: 0.062000 ms MarkObjects: 2.214200 ms  DeleteObjects: 0.129100 ms)

========================================================================
Received Import Request.
  path: Assets/Scenes
  artifactKey: Guid(d3e9bb6f19aac85478703c8ee31b33a1) Importer(815301076,1909f56bfc062723c751e8b465ee728b)
Start importing Assets/Scenes using Guid(d3e9bb6f19aac85478703c8ee31b33a1) Importer(815301076,1909f56bfc062723c751e8b465ee728b)  -> (artifact id: '44f2651dc88773b31005f4ea4510a754') in 0.026521 seconds
  Import took 0.032167 seconds .

========================================================================
Received Import Request.
  Time since last request: 14.608851 seconds.
  path: Assets/New Material.mat
  artifactKey: Guid(45768c7fdac401b4da6fdca97df1e9e4) Importer(815301076,1909f56bfc062723c751e8b465ee728b)
Start importing Assets/New Material.mat using Guid(45768c7fdac401b4da6fdca97df1e9e4) Importer(815301076,1909f56bfc062723c751e8b465ee728b)  -> (artifact id: '02848e25372dc8a77823a7295e1d9504') in 0.293565 seconds
  Import took 0.297237 seconds .

========================================================================
Received Import Request.
  Time since last request: 125.105686 seconds.
  path: Assets/New Material.mat
  artifactKey: Guid(45768c7fdac401b4da6fdca97df1e9e4) Importer(815301076,1909f56bfc062723c751e8b465ee728b)
Start importing Assets/New Material.mat using Guid(45768c7fdac401b4da6fdca97df1e9e4) Importer(815301076,1909f56bfc062723c751e8b465ee728b)  -> (artifact id: '49c7149c30a40f4cbb23c3d92786ea40') in 0.036540 seconds
  Import took 0.040936 seconds .

AssetImportWorkerClient::OnTransportError - code=2 error=End of file
